<?xml version="1.0" encoding="UTF-8"?>
<testng-results skipped="0" failed="0" total="2" passed="2">
  <reporter-output>
  </reporter-output>
  <suite name="Default suite" duration-ms="32449" started-at="2016-08-13T12:58:00Z" finished-at="2016-08-13T12:58:32Z">
    <groups>
    </groups>
    <test name="Default test" duration-ms="32449" started-at="2016-08-13T12:58:00Z" finished-at="2016-08-13T12:58:32Z">
      <class name="jenkins.TestJenkins">
        <test-method status="PASS" signature="testingJenkins()[pri:0, instance:jenkins.TestJenkins@314c508a]" name="testingJenkins" duration-ms="14688" started-at="2016-08-13T18:28:00Z" finished-at="2016-08-13T18:28:14Z">
          <reporter-output>
          </reporter-output>
        </test-method> <!-- testingJenkins -->
        <test-method status="PASS" signature="testingJenkinsAsFail()[pri:0, instance:jenkins.TestJenkins@314c508a]" name="testingJenkinsAsFail" duration-ms="17734" started-at="2016-08-13T18:28:14Z" finished-at="2016-08-13T18:28:32Z">
          <reporter-output>
          </reporter-output>
        </test-method> <!-- testingJenkinsAsFail -->
      </class> <!-- jenkins.TestJenkins -->
    </test> <!-- Default test -->
  </suite> <!-- Default suite -->
</testng-results>
