<?xml version="1.0" encoding="UTF-8"?>
<testng-results skipped="0" failed="0" total="1" passed="1">
  <reporter-output>
  </reporter-output>
  <suite name="Suite" duration-ms="9157" started-at="2016-07-31T10:25:04Z" finished-at="2016-07-31T10:25:13Z">
    <groups>
    </groups>
    <test name="Test" duration-ms="9157" started-at="2016-07-31T10:25:04Z" finished-at="2016-07-31T10:25:13Z">
      <class name="jenkins.TestJenkins">
        <test-method status="PASS" signature="testingJenkins()[pri:0, instance:jenkins.TestJenkins@7bfcd12c]" name="testingJenkins" duration-ms="9133" started-at="2016-07-31T15:55:04Z" finished-at="2016-07-31T15:55:13Z">
          <reporter-output>
          </reporter-output>
        </test-method> <!-- testingJenkins -->
      </class> <!-- jenkins.TestJenkins -->
    </test> <!-- Test -->
  </suite> <!-- Suite -->
</testng-results>
